Using pre-set license
Built from '2021.2/staging' branch; Version is '2021.2.8f1 (d0e5f0a7b06a) revision 13690352'; Using compiler version '192829333'; Build Type 'Release'
OS: 'Windows 10  (10.0.19043) 64bit Core' Language: 'en' Physical Memory: 16331 MB
BatchMode: 1, IsHumanControllingUs: 0, StartBugReporterOnCrash: 0, Is64bit: 1, IsPro: 0

COMMAND LINE ARGUMENTS:
C:\Program Files\Unity\Hub\Editor\2021.2.8f1\Editor\Unity.exe
-adb2
-batchMode
-noUpm
-name
AssetImportWorker0
-projectPath
D:/UnityProjects/DreamGameTools/DreamGameTools
-logFile
Logs/AssetImportWorker0.log
-srvPort
50070
Successfully changed project path to: D:/UnityProjects/DreamGameTools/DreamGameTools
D:/UnityProjects/DreamGameTools/DreamGameTools
[UnityMemory] Configuration Parameters - Can be set up in boot.config
    "memorysetup-bucket-allocator-granularity=16"
    "memorysetup-bucket-allocator-bucket-count=8"
    "memorysetup-bucket-allocator-block-size=33554432"
    "memorysetup-bucket-allocator-block-count=8"
    "memorysetup-main-allocator-block-size=16777216"
    "memorysetup-thread-allocator-block-size=16777216"
    "memorysetup-gfx-main-allocator-block-size=16777216"
    "memorysetup-gfx-thread-allocator-block-size=16777216"
    "memorysetup-cache-allocator-block-size=4194304"
    "memorysetup-typetree-allocator-block-size=2097152"
    "memorysetup-profiler-bucket-allocator-granularity=16"
    "memorysetup-profiler-bucket-allocator-bucket-count=8"
    "memorysetup-profiler-bucket-allocator-block-size=33554432"
    "memorysetup-profiler-bucket-allocator-block-count=8"
    "memorysetup-profiler-allocator-block-size=16777216"
    "memorysetup-profiler-editor-allocator-block-size=1048576"
    "memorysetup-temp-allocator-size-main=16777216"
    "memorysetup-job-temp-allocator-block-size=2097152"
    "memorysetup-job-temp-allocator-block-size-background=1048576"
    "memorysetup-job-temp-allocator-reduction-small-platforms=262144"
    "memorysetup-temp-allocator-size-background-worker=32768"
    "memorysetup-temp-allocator-size-job-worker=262144"
    "memorysetup-temp-allocator-size-preload-manager=33554432"
    "memorysetup-temp-allocator-size-nav-mesh-worker=65536"
    "memorysetup-temp-allocator-size-audio-worker=65536"
    "memorysetup-temp-allocator-size-cloud-worker=32768"
    "memorysetup-temp-allocator-size-gi-baking-worker=262144"
    "memorysetup-temp-allocator-size-gfx=262144"
Refreshing native plugins compatible for Editor in 95.73 ms, found 3 plugins.
Preloading 0 native plugins for Editor in 0.00 ms.
Initialize engine version: 2021.2.8f1 (d0e5f0a7b06a)
[Subsystems] Discovering subsystems at path C:/Program Files/Unity/Hub/Editor/2021.2.8f1/Editor/Data/Resources/UnitySubsystems
[Subsystems] Discovering subsystems at path D:/UnityProjects/DreamGameTools/DreamGameTools/Assets
GfxDevice: creating device client; threaded=0; jobified=0
Direct3D:
    Version:  Direct3D 11.0 [level 11.1]
    Renderer: Radeon RX 580 Series (ID=0x67df)
    Vendor:   ATI
    VRAM:     8171 MB
    Driver:   30.0.13023.4001
Initialize mono
Mono path[0] = 'C:/Program Files/Unity/Hub/Editor/2021.2.8f1/Editor/Data/Managed'
Mono path[1] = 'C:/Program Files/Unity/Hub/Editor/2021.2.8f1/Editor/Data/MonoBleedingEdge/lib/mono/unityjit-win32'
Mono config path = 'C:/Program Files/Unity/Hub/Editor/2021.2.8f1/Editor/Data/MonoBleedingEdge/etc'
Using monoOptions --debugger-agent=transport=dt_socket,embedding=1,server=y,suspend=n,address=127.0.0.1:56944
Begin MonoManager ReloadAssembly
Registering precompiled unity dll's ...
Register platform support module: C:/Program Files/Unity/Hub/Editor/2021.2.8f1/Editor/Data/PlaybackEngines/MacStandaloneSupport/UnityEditor.OSXStandalone.Extensions.dll
Register platform support module: C:/Program Files/Unity/Hub/Editor/2021.2.8f1/Editor/Data/PlaybackEngines/WindowsStandaloneSupport/UnityEditor.WindowsStandalone.Extensions.dll
Registered in 0.014340 seconds.
Native extension for WindowsStandalone target not found
Native extension for OSXStandalone target not found
Refreshing native plugins compatible for Editor in 90.22 ms, found 3 plugins.
Preloading 0 native plugins for Editor in 0.00 ms.
Mono: successfully reloaded assembly
- Completed reload, in  0.956 seconds
Domain Reload Profiling:
	ReloadAssembly (957ms)
		BeginReloadAssembly (127ms)
			ExecutionOrderSort (0ms)
			DisableScriptedObjects (0ms)
			BackupInstance (0ms)
			ReleaseScriptingObjects (0ms)
			CreateAndSetChildDomain (2ms)
		EndReloadAssembly (690ms)
			LoadAssemblies (121ms)
			RebuildTransferFunctionScriptingTraits (0ms)
			SetupTypeCache (150ms)
			ReleaseScriptCaches (0ms)
			RebuildScriptCaches (45ms)
			SetupLoadedEditorAssemblies (406ms)
				LogAssemblyErrors (0ms)
				InitializePlatformSupportModulesInManaged (29ms)
				SetLoadedEditorAssemblies (0ms)
				RefreshPlugins (90ms)
				BeforeProcessingInitializeOnLoad (2ms)
				ProcessInitializeOnLoadAttributes (213ms)
				ProcessInitializeOnLoadMethodAttributes (71ms)
				AfterProcessingInitializeOnLoad (0ms)
				EditorAssembliesLoaded (0ms)
			ExecutionOrderSort2 (0ms)
			AwakeInstancesAfterBackupRestoration (0ms)
Platform modules already initialized, skipping
Registering precompiled user dll's ...
Registered in 0.006352 seconds.
Begin MonoManager ReloadAssembly
Symbol file LoadedFromMemory doesn't match image D:\UnityProjects\DreamGameTools\DreamGameTools\Library\PackageCache\com.unity.visualscripting@1.7.6\Editor\VisualScripting.Core\Dependencies\YamlDotNet\Unity.VisualScripting.YamlDotNet.dll
Symbol file LoadedFromMemory doesn't match image D:\UnityProjects\DreamGameTools\DreamGameTools\Library\PackageCache\com.unity.visualscripting@1.7.6\Editor\VisualScripting.Core\Dependencies\DotNetZip\Unity.VisualScripting.IonicZip.dll
Native extension for WindowsStandalone target not found
Native extension for OSXStandalone target not found
Refreshing native plugins compatible for Editor in 0.80 ms, found 3 plugins.
Preloading 0 native plugins for Editor in 0.00 ms.
Mono: successfully reloaded assembly
- Completed reload, in  1.597 seconds
Domain Reload Profiling:
	ReloadAssembly (1598ms)
		BeginReloadAssembly (166ms)
			ExecutionOrderSort (0ms)
			DisableScriptedObjects (8ms)
			BackupInstance (0ms)
			ReleaseScriptingObjects (0ms)
			CreateAndSetChildDomain (26ms)
		EndReloadAssembly (1183ms)
			LoadAssemblies (116ms)
			RebuildTransferFunctionScriptingTraits (0ms)
			SetupTypeCache (364ms)
			ReleaseScriptCaches (1ms)
			RebuildScriptCaches (82ms)
			SetupLoadedEditorAssemblies (563ms)
				LogAssemblyErrors (0ms)
				InitializePlatformSupportModulesInManaged (21ms)
				SetLoadedEditorAssemblies (1ms)
				RefreshPlugins (1ms)
				BeforeProcessingInitializeOnLoad (115ms)
				ProcessInitializeOnLoadAttributes (381ms)
				ProcessInitializeOnLoadMethodAttributes (32ms)
				AfterProcessingInitializeOnLoad (12ms)
				EditorAssembliesLoaded (0ms)
			ExecutionOrderSort2 (0ms)
			AwakeInstancesAfterBackupRestoration (8ms)
Platform modules already initialized, skipping
========================================================================
Worker process is ready to serve import requests
Launched and connected shader compiler UnityShaderCompiler.exe after 0.07 seconds
Refreshing native plugins compatible for Editor in 0.66 ms, found 3 plugins.
Preloading 0 native plugins for Editor in 0.00 ms.
Unloading 3217 Unused Serialized files (Serialized files now loaded: 0)
Unloading 26 unused Assets / (112.5 KB). Loaded Objects now: 3673.
Memory consumption went from 112.0 MB to 111.9 MB.
Total: 4.027600 ms (FindLiveObjects: 0.359800 ms CreateObjectMapping: 0.101800 ms MarkObjects: 3.444900 ms  DeleteObjects: 0.119400 ms)

AssetImportParameters requested are different than current active one (requested -> active):
  custom:video-decoder-ogg-theora: a1e56fd34408186e4bbccfd4996cb3dc -> 
  custom:container-muxer-webm: aa71ff27fc2769a1b78a27578f13a17b -> 
  custom:container-demuxer-webm: 4f35f7cbe854078d1ac9338744f61a02 -> 
  custom:video-encoder-webm-vp8: eb34c28f22e8b96e1ab97ce403110664 -> 
  custom:audio-encoder-webm-vorbis: bf7c407c2cedff20999df2af8eb42d56 -> 
  custom:framework-win-MediaFoundation: 216162199b28c13a410421893ffa2e32 -> 
  custom:container-demuxer-ogg: 62fdf1f143b41e24485cea50d1cbac27 -> 
  custom:video-decoder-webm-vp8: 9c59270c3fd7afecdb556c50c9e8de78 -> 
  custom:audio-decoder-ogg-vorbis: bf7c407c2cedff20999df2af8eb42d56 -> 
========================================================================
Received Import Request.
  Time since last request: 467417.731180 seconds.
  path: Assets/Scenes
  artifactKey: Guid(6ea315d0fd7389c41b19996891e99ae3) Importer(815301076,1909f56bfc062723c751e8b465ee728b)
Start importing Assets/Scenes using Guid(6ea315d0fd7389c41b19996891e99ae3) Importer(815301076,1909f56bfc062723c751e8b465ee728b)  -> (artifact id: 'b8193726cff86800c54781cdc6d54904') in 0.012412 seconds 
========================================================================
Received Import Request.
  Time since last request: 8.898908 seconds.
  path: Assets/DreamGameTools
  artifactKey: Guid(9799b894195b63e4bb0875ef04866973) Importer(815301076,1909f56bfc062723c751e8b465ee728b)
Start importing Assets/DreamGameTools using Guid(9799b894195b63e4bb0875ef04866973) Importer(815301076,1909f56bfc062723c751e8b465ee728b)  -> (artifact id: '5d210e8e71d31207db3d0acba5b9577f') in 0.009573 seconds 
========================================================================
Received Import Request.
  Time since last request: 12.393756 seconds.
  path: Assets/DreamGameTools/Sources
  artifactKey: Guid(7ffc9691ebc4fc94da5327ba75f360dd) Importer(815301076,1909f56bfc062723c751e8b465ee728b)
Start importing Assets/DreamGameTools/Sources using Guid(7ffc9691ebc4fc94da5327ba75f360dd) Importer(815301076,1909f56bfc062723c751e8b465ee728b)  -> (artifact id: 'db56d77a54f416dce98a49cb6ccb1c31') in 0.009922 seconds 
========================================================================
Received Import Request.
  Time since last request: 11.908741 seconds.
  path: Assets/DreamGameTools/Scenes/Sandbox.unity
  artifactKey: Guid(7f103e57d39138843a45d547a1d3c566) Importer(815301076,1909f56bfc062723c751e8b465ee728b)
Start importing Assets/DreamGameTools/Scenes/Sandbox.unity using Guid(7f103e57d39138843a45d547a1d3c566) Importer(815301076,1909f56bfc062723c751e8b465ee728b)  -> (artifact id: 'd8e10b33e58192022a1524a512664073') in 0.023796 seconds 
========================================================================
Received Import Request.
  Time since last request: 18.651941 seconds.
  path: Assets/DreamGameTools/Sources/Editor
  artifactKey: Guid(714c1a25c1631c94f86434ced540722d) Importer(815301076,1909f56bfc062723c751e8b465ee728b)
Start importing Assets/DreamGameTools/Sources/Editor using Guid(714c1a25c1631c94f86434ced540722d) Importer(815301076,1909f56bfc062723c751e8b465ee728b)  -> (artifact id: '17b0c87aed837d0edf2fa08ebf8c6f34') in 0.008715 seconds 
========================================================================
Received Import Request.
  Time since last request: 30.460391 seconds.
  path: Assets/DreamGameTools/Sources/New Folder
  artifactKey: Guid(1028bb29211a5f54c89ce750e34f7d76) Importer(815301076,1909f56bfc062723c751e8b465ee728b)
Start importing Assets/DreamGameTools/Sources/New Folder using Guid(1028bb29211a5f54c89ce750e34f7d76) Importer(815301076,1909f56bfc062723c751e8b465ee728b)  -> (artifact id: '97e72a47d465e59a7af682187005d396') in 0.007903 seconds 
========================================================================
Received Import Request.
  Time since last request: 19.344279 seconds.
  path: Assets/DreamGameTools/ProjectAssets/Sources
  artifactKey: Guid(1028bb29211a5f54c89ce750e34f7d76) Importer(815301076,1909f56bfc062723c751e8b465ee728b)
Start importing Assets/DreamGameTools/ProjectAssets/Sources using Guid(1028bb29211a5f54c89ce750e34f7d76) Importer(815301076,1909f56bfc062723c751e8b465ee728b)  -> (artifact id: '2d8391e903e977ca81b3d9c77721ea08') in 0.007280 seconds 
========================================================================
Received Import Request.
  Time since last request: 30.832022 seconds.
  path: Assets/DreamGameTools/Sources/Infrastructure
  artifactKey: Guid(d180c01c84229b848b7a4a3bbdbcc14c) Importer(815301076,1909f56bfc062723c751e8b465ee728b)
Start importing Assets/DreamGameTools/Sources/Infrastructure using Guid(d180c01c84229b848b7a4a3bbdbcc14c) Importer(815301076,1909f56bfc062723c751e8b465ee728b)  -> (artifact id: '1b1dddeb9ff99e28ffef0ffb7312bc08') in 0.007691 seconds 
========================================================================
Received Import Request.
  Time since last request: 16.564114 seconds.
  path: Assets/DreamGameTools/Sources/Infrastructure/Services
  artifactKey: Guid(4f346fad46073374681e45d44a091546) Importer(815301076,1909f56bfc062723c751e8b465ee728b)
Start importing Assets/DreamGameTools/Sources/Infrastructure/Services using Guid(4f346fad46073374681e45d44a091546) Importer(815301076,1909f56bfc062723c751e8b465ee728b)  -> (artifact id: '3426370765409f19305877bf87d747f1') in 0.006977 seconds 
========================================================================
Received Import Request.
  Time since last request: 2.502448 seconds.
  path: Assets/DreamGameTools/Sources/Infrastructure/Services 1
  artifactKey: Guid(b727056aedb615243b1f0313173a0c4f) Importer(815301076,1909f56bfc062723c751e8b465ee728b)
Start importing Assets/DreamGameTools/Sources/Infrastructure/Services 1 using Guid(b727056aedb615243b1f0313173a0c4f) Importer(815301076,1909f56bfc062723c751e8b465ee728b)  -> (artifact id: 'e52f4b86e7ecfdcb606d8b37c3018b9b') in 0.007969 seconds 
========================================================================
Received Import Request.
  Time since last request: 0.132157 seconds.
  path: Assets/DreamGameTools/Sources/Infrastructure/Services 2
  artifactKey: Guid(2d20b38dc3397cc4a967f65f59e0d5f3) Importer(815301076,1909f56bfc062723c751e8b465ee728b)
Start importing Assets/DreamGameTools/Sources/Infrastructure/Services 2 using Guid(2d20b38dc3397cc4a967f65f59e0d5f3) Importer(815301076,1909f56bfc062723c751e8b465ee728b)  -> (artifact id: 'cec51cdf6b9c11a8ad9da30b9894370e') in 0.007112 seconds 
========================================================================
Received Import Request.
  Time since last request: 0.264910 seconds.
  path: Assets/DreamGameTools/Sources/Infrastructure/Services 3
  artifactKey: Guid(140df5126a7e8674c8ab42045117f71c) Importer(815301076,1909f56bfc062723c751e8b465ee728b)
Start importing Assets/DreamGameTools/Sources/Infrastructure/Services 3 using Guid(140df5126a7e8674c8ab42045117f71c) Importer(815301076,1909f56bfc062723c751e8b465ee728b)  -> (artifact id: '9d54e176293d0543434ad7e8a27dbe25') in 0.007582 seconds 
========================================================================
Received Import Request.
  Time since last request: 3.605782 seconds.
  path: Assets/DreamGameTools/Sources/Infrastructure/Commands
  artifactKey: Guid(b727056aedb615243b1f0313173a0c4f) Importer(815301076,1909f56bfc062723c751e8b465ee728b)
Start importing Assets/DreamGameTools/Sources/Infrastructure/Commands using Guid(b727056aedb615243b1f0313173a0c4f) Importer(815301076,1909f56bfc062723c751e8b465ee728b)  -> (artifact id: '90e3f5a83d6a817a66d134af13aef949') in 0.007607 seconds 
========================================================================
Received Import Request.
  Time since last request: 4.468534 seconds.
  path: Assets/DreamGameTools/Sources/Infrastructure/Installers
  artifactKey: Guid(2d20b38dc3397cc4a967f65f59e0d5f3) Importer(815301076,1909f56bfc062723c751e8b465ee728b)
Start importing Assets/DreamGameTools/Sources/Infrastructure/Installers using Guid(2d20b38dc3397cc4a967f65f59e0d5f3) Importer(815301076,1909f56bfc062723c751e8b465ee728b)  -> (artifact id: 'd54ceb7977ed1c054131a94b36005c3b') in 0.007033 seconds 
========================================================================
Received Import Request.
  Time since last request: 17.303530 seconds.
  path: Assets/DreamGameTools/Sources/Infrastructure/Properties
  artifactKey: Guid(140df5126a7e8674c8ab42045117f71c) Importer(815301076,1909f56bfc062723c751e8b465ee728b)
Start importing Assets/DreamGameTools/Sources/Infrastructure/Properties using Guid(140df5126a7e8674c8ab42045117f71c) Importer(815301076,1909f56bfc062723c751e8b465ee728b)  -> (artifact id: '98d4b8e5b3b25494f92dfd5f79af03a9') in 0.007245 seconds 
========================================================================
Received Import Request.
  Time since last request: 474.090572 seconds.
  path: Assets/DreamGameTools/Scenes/SampleScene.unity
  artifactKey: Guid(9fc0d4010bbf28b4594072e72b8655ab) Importer(815301076,1909f56bfc062723c751e8b465ee728b)
Start importing Assets/DreamGameTools/Scenes/SampleScene.unity using Guid(9fc0d4010bbf28b4594072e72b8655ab) Importer(815301076,1909f56bfc062723c751e8b465ee728b)  -> (artifact id: '0e8af54df9238b2a686c874cdcd48022') in 0.008706 seconds 
